<?xml version="1.0" encoding="UTF-8"?>
<!-- Generated by org.testng.reporters.JUnitReportReporter -->
<testsuite hostname="LAPTOP-PTHGE1OP" failures="0" tests="4" name="TestCowinAvailability" time="28.676" errors="0" timestamp="21 May 2021 16:34:41 GMT" skipped="0">
  <testcase classname="TestCowinAvailability" name="openURL" time="18.304"/>
  <testcase classname="TestCowinAvailability" name="searchByDistrictOption" time="0.120"/>
  <testcase classname="TestCowinAvailability" name="searchByDistrict" time="3.329"/>
  <testcase classname="TestCowinAvailability" name="searchForLocations" time="6.923"/>
</testsuite> <!-- TestCowinAvailability -->
